[2023-11-22T05:51:11.606+0000] {logging_mixin.py:154} INFO - Changing /opt/***/logs/dag_id=outcomes_dag/run_id=manual__2023-11-22T05:51:10.282282+00:00/task_id=step1 permission to 509
[2023-11-22T05:51:11.640+0000] {logging_mixin.py:154} INFO - Changing /opt/***/logs/dag_id=outcomes_dag/run_id=manual__2023-11-22T05:51:10.282282+00:00/task_id=step1 permission to 509
[2023-11-22T05:51:11.672+0000] {taskinstance.py:1159} INFO - Dependencies all met for dep_context=non-requeueable deps ti=<TaskInstance: outcomes_dag.step1 manual__2023-11-22T05:51:10.282282+00:00 [queued]>
[2023-11-22T05:51:11.682+0000] {taskinstance.py:1159} INFO - Dependencies all met for dep_context=requeueable deps ti=<TaskInstance: outcomes_dag.step1 manual__2023-11-22T05:51:10.282282+00:00 [queued]>
[2023-11-22T05:51:11.683+0000] {taskinstance.py:1361} INFO - Starting attempt 1 of 1
[2023-11-22T05:51:11.699+0000] {taskinstance.py:1382} INFO - Executing <Task(BashOperator): step1> on 2023-11-22 05:51:10.282282+00:00
[2023-11-22T05:51:11.705+0000] {standard_task_runner.py:57} INFO - Started process 1790 to run task
[2023-11-22T05:51:11.709+0000] {standard_task_runner.py:84} INFO - Running: ['***', 'tasks', 'run', 'outcomes_dag', 'step1', 'manual__2023-11-22T05:51:10.282282+00:00', '--job-id', '55', '--raw', '--subdir', 'DAGS_FOLDER/outcomes_dag.py', '--cfg-path', '/tmp/tmpxzp33p0h']
[2023-11-22T05:51:11.711+0000] {standard_task_runner.py:85} INFO - Job 55: Subtask step1
[2023-11-22T05:51:11.776+0000] {logging_mixin.py:154} INFO - Changing /opt/***/logs/dag_id=outcomes_dag/run_id=manual__2023-11-22T05:51:10.282282+00:00/task_id=step1 permission to 509
[2023-11-22T05:51:11.780+0000] {task_command.py:416} INFO - Running <TaskInstance: outcomes_dag.step1 manual__2023-11-22T05:51:10.282282+00:00 [running]> on host 50f4a498a395
[2023-11-22T05:51:11.939+0000] {taskinstance.py:1662} INFO - Exporting env vars: AIRFLOW_CTX_DAG_OWNER='***' AIRFLOW_CTX_DAG_ID='outcomes_dag' AIRFLOW_CTX_TASK_ID='step1' AIRFLOW_CTX_EXECUTION_DATE='2023-11-22T05:51:10.282282+00:00' AIRFLOW_CTX_TRY_NUMBER='1' AIRFLOW_CTX_DAG_RUN_ID='manual__2023-11-22T05:51:10.282282+00:00'
[2023-11-22T05:51:11.941+0000] {subprocess.py:63} INFO - Tmp dir root location: /tmp
[2023-11-22T05:51:11.943+0000] {subprocess.py:75} INFO - Running command: ['/bin/bash', '-c', 'curl --create-dirs -o /opt/***/data/2023-11-22/downloads/outcomes_2023-11-22.csv https://data.austintexas.gov/resource/9t4d-g238.csv']
[2023-11-22T05:51:11.955+0000] {subprocess.py:86} INFO - Output:
[2023-11-22T05:51:11.973+0000] {subprocess.py:93} INFO -   % Total    % Received % Xferd  Average Speed   Time    Time     Time  Current
[2023-11-22T05:51:11.974+0000] {subprocess.py:93} INFO -                                  Dload  Upload   Total   Spent    Left  Speed
[2023-11-22T05:51:13.737+0000] {subprocess.py:93} INFO -   0     0    0     0    0     0      0      0 --:--:-- --:--:-- --:--:--     0  0     0    0     0    0     0      0      0 --:--:-- --:--:-- --:--:--     0  0     0    0     0    0     0      0      0 --:--:--  0:00:01 --:--:--     0100  174k    0  174k    0     0    99k      0 --:--:--  0:00:01 --:--:--   99k
[2023-11-22T05:51:13.741+0000] {subprocess.py:97} INFO - Command exited with return code 0
[2023-11-22T05:51:13.772+0000] {taskinstance.py:1400} INFO - Marking task as SUCCESS. dag_id=outcomes_dag, task_id=step1, execution_date=20231122T055110, start_date=20231122T055111, end_date=20231122T055113
[2023-11-22T05:51:13.815+0000] {local_task_job_runner.py:228} INFO - Task exited with return code 0
[2023-11-22T05:51:13.834+0000] {taskinstance.py:2778} INFO - 1 downstream tasks scheduled from follow-on schedule check
