[2023-11-23T00:00:01.461+0000] {logging_mixin.py:154} INFO - Changing /opt/***/logs/dag_id=outcomes_dag/run_id=scheduled__2023-11-22T00:00:00+00:00/task_id=extract permission to 509
[2023-11-23T00:00:01.498+0000] {logging_mixin.py:154} INFO - Changing /opt/***/logs/dag_id=outcomes_dag/run_id=scheduled__2023-11-22T00:00:00+00:00/task_id=extract permission to 509
[2023-11-23T00:00:01.536+0000] {taskinstance.py:1159} INFO - Dependencies all met for dep_context=non-requeueable deps ti=<TaskInstance: outcomes_dag.extract scheduled__2023-11-22T00:00:00+00:00 [queued]>
[2023-11-23T00:00:01.544+0000] {taskinstance.py:1159} INFO - Dependencies all met for dep_context=requeueable deps ti=<TaskInstance: outcomes_dag.extract scheduled__2023-11-22T00:00:00+00:00 [queued]>
[2023-11-23T00:00:01.545+0000] {taskinstance.py:1361} INFO - Starting attempt 1 of 1
[2023-11-23T00:00:01.558+0000] {taskinstance.py:1382} INFO - Executing <Task(BashOperator): extract> on 2023-11-22 00:00:00+00:00
[2023-11-23T00:00:01.563+0000] {standard_task_runner.py:57} INFO - Started process 17142 to run task
[2023-11-23T00:00:01.567+0000] {standard_task_runner.py:84} INFO - Running: ['***', 'tasks', 'run', 'outcomes_dag', 'extract', 'scheduled__2023-11-22T00:00:00+00:00', '--job-id', '57', '--raw', '--subdir', 'DAGS_FOLDER/outcomes_dag.py', '--cfg-path', '/tmp/tmpn3ej2b7a']
[2023-11-23T00:00:01.569+0000] {standard_task_runner.py:85} INFO - Job 57: Subtask extract
[2023-11-23T00:00:01.614+0000] {logging_mixin.py:154} INFO - Changing /opt/***/logs/dag_id=outcomes_dag/run_id=scheduled__2023-11-22T00:00:00+00:00/task_id=extract permission to 509
[2023-11-23T00:00:01.617+0000] {task_command.py:416} INFO - Running <TaskInstance: outcomes_dag.extract scheduled__2023-11-22T00:00:00+00:00 [running]> on host 50f4a498a395
[2023-11-23T00:00:01.691+0000] {taskinstance.py:1662} INFO - Exporting env vars: AIRFLOW_CTX_DAG_OWNER='***' AIRFLOW_CTX_DAG_ID='outcomes_dag' AIRFLOW_CTX_TASK_ID='extract' AIRFLOW_CTX_EXECUTION_DATE='2023-11-22T00:00:00+00:00' AIRFLOW_CTX_TRY_NUMBER='1' AIRFLOW_CTX_DAG_RUN_ID='scheduled__2023-11-22T00:00:00+00:00'
[2023-11-23T00:00:01.694+0000] {subprocess.py:63} INFO - Tmp dir root location: /tmp
[2023-11-23T00:00:01.695+0000] {subprocess.py:75} INFO - Running command: ['/bin/bash', '-c', 'curl --create-dirs -o /opt/***/data/2023-11-22/downloads/outcomes_2023-11-22.csv https://data.austintexas.gov/resource/9t4d-g238.csv']
[2023-11-23T00:00:01.705+0000] {subprocess.py:86} INFO - Output:
[2023-11-23T00:00:01.713+0000] {subprocess.py:93} INFO -   % Total    % Received % Xferd  Average Speed   Time    Time     Time  Current
[2023-11-23T00:00:01.714+0000] {subprocess.py:93} INFO -                                  Dload  Upload   Total   Spent    Left  Speed
[2023-11-23T00:00:02.982+0000] {subprocess.py:93} INFO -   0     0    0     0    0     0      0      0 --:--:-- --:--:-- --:--:--     0  0     0    0     0    0     0      0      0 --:--:--  0:00:01 --:--:--     0100  174k    0  174k    0     0   137k      0 --:--:--  0:00:01 --:--:--  137k
[2023-11-23T00:00:02.985+0000] {subprocess.py:97} INFO - Command exited with return code 0
[2023-11-23T00:00:03.010+0000] {taskinstance.py:1400} INFO - Marking task as SUCCESS. dag_id=outcomes_dag, task_id=extract, execution_date=20231122T000000, start_date=20231123T000001, end_date=20231123T000003
[2023-11-23T00:00:03.037+0000] {local_task_job_runner.py:228} INFO - Task exited with return code 0
[2023-11-23T00:00:03.056+0000] {taskinstance.py:2778} INFO - 1 downstream tasks scheduled from follow-on schedule check
