[2023-11-26T06:09:49.403+0000] {logging_mixin.py:154} INFO - Changing /opt/***/logs/dag_id=outcomes_dag/run_id=manual__2023-11-26T06:09:44.855753+00:00/task_id=trasform permission to 509
[2023-11-26T06:09:49.433+0000] {logging_mixin.py:154} INFO - Changing /opt/***/logs/dag_id=outcomes_dag/run_id=manual__2023-11-26T06:09:44.855753+00:00/task_id=trasform permission to 509
[2023-11-26T06:09:49.464+0000] {taskinstance.py:1159} INFO - Dependencies all met for dep_context=non-requeueable deps ti=<TaskInstance: outcomes_dag.trasform manual__2023-11-26T06:09:44.855753+00:00 [queued]>
[2023-11-26T06:09:49.472+0000] {taskinstance.py:1159} INFO - Dependencies all met for dep_context=requeueable deps ti=<TaskInstance: outcomes_dag.trasform manual__2023-11-26T06:09:44.855753+00:00 [queued]>
[2023-11-26T06:09:49.474+0000] {taskinstance.py:1361} INFO - Starting attempt 1 of 1
[2023-11-26T06:09:49.488+0000] {taskinstance.py:1382} INFO - Executing <Task(PythonOperator): trasform> on 2023-11-26 06:09:44.855753+00:00
[2023-11-26T06:09:49.494+0000] {standard_task_runner.py:57} INFO - Started process 1494 to run task
[2023-11-26T06:09:49.497+0000] {standard_task_runner.py:84} INFO - Running: ['***', 'tasks', 'run', 'outcomes_dag', 'trasform', 'manual__2023-11-26T06:09:44.855753+00:00', '--job-id', '80', '--raw', '--subdir', 'DAGS_FOLDER/outcomes_dag.py', '--cfg-path', '/tmp/tmp544dqji6']
[2023-11-26T06:09:49.500+0000] {standard_task_runner.py:85} INFO - Job 80: Subtask trasform
[2023-11-26T06:09:49.544+0000] {logging_mixin.py:154} INFO - Changing /opt/***/logs/dag_id=outcomes_dag/run_id=manual__2023-11-26T06:09:44.855753+00:00/task_id=trasform permission to 509
[2023-11-26T06:09:49.547+0000] {task_command.py:416} INFO - Running <TaskInstance: outcomes_dag.trasform manual__2023-11-26T06:09:44.855753+00:00 [running]> on host 50f4a498a395
[2023-11-26T06:09:49.769+0000] {taskinstance.py:1662} INFO - Exporting env vars: AIRFLOW_CTX_DAG_OWNER='***' AIRFLOW_CTX_DAG_ID='outcomes_dag' AIRFLOW_CTX_TASK_ID='trasform' AIRFLOW_CTX_EXECUTION_DATE='2023-11-26T06:09:44.855753+00:00' AIRFLOW_CTX_TRY_NUMBER='1' AIRFLOW_CTX_DAG_RUN_ID='manual__2023-11-26T06:09:44.855753+00:00'
[2023-11-26T06:09:49.824+0000] {python.py:194} INFO - Done. Returned value was: {'dim_animals':     animal_id     name  ...                               breed              color
0     A794011    Chunk  ...              Domestic Shorthair Mix  Brown Tabby/White
1     A776359    Gizmo  ...             Chihuahua Shorthair Mix        White/Brown
2     A821648      NaN  ...                             Raccoon               Gray
3     A720371    Moose  ...  Anatol Shepherd/Labrador Retriever               Buff
4     A674754      NaN  ...              Domestic Shorthair Mix       Orange Tabby
..        ...      ...  ...                                 ...                ...
995   A705114      NaN  ...                 German Shepherd Mix              Brown
996   A800888      NaN  ...                       Cavalier Span        Black/White
997   A796517  Chiquis  ...             Chihuahua Shorthair Mix        Brown/White
998   A880162      NaN  ...                  Domestic Shorthair        Black/White
999   A772727     Oreo  ...                    Basset Hound Mix     White/Tricolor

[997 rows x 7 columns], 'dim_dates':       date_id        date  year  month  day
0    20190508  2019-05-08  2019      5    8
1    20180718  2018-07-18  2018      7   18
2    20200816  2020-08-16  2020      8   16
3    20160213  2016-02-13  2016      2   13
4    20140318  2014-03-18  2014      3   18
..        ...         ...   ...    ...  ...
994  20160301  2016-03-01  2016      3    1
995  20150613  2015-06-13  2015      6   13
996  20190801  2019-08-01  2019      8    1
998  20230509  2023-05-09  2023      5    9
999  20180606  2018-06-06  2018      6    6

[847 rows x 5 columns], 'dim_outcome_types':        outcome_type  outcome_type_id
0         Rto-Adopt                1
1          Adoption                2
2        Euthanasia                3
3          Transfer                4
4   Return to Owner                5
5              Died                6
6          Disposal                7
7           Missing                8
8          Relocate                9
9               N/A               10
10           Stolen               11, 'fct_outcomes':     animal_id   date_id      time  outcome_type_id outcome_subtype is_fixed
0     A794011  20190508  18:20:00                1             NaN     True
1     A776359  20180718  16:02:00                2             NaN     True
2     A821648  20200816  11:38:00                3             NaN      NaN
3     A720371  20160213  17:59:00                2             NaN     True
4     A674754  20140318  11:47:00                4         Partner    False
..        ...       ...       ...              ...             ...      ...
995   A705114  20150613  15:47:00                4         Partner    False
996   A800888  20190801  15:27:00                4         Partner    False
997   A796517  20190608  12:21:00                2             NaN     True
998   A880162  20230509  17:56:00                2             NaN     True
999   A772727  20180606  18:28:00                5             NaN     True

[1000 rows x 6 columns]}
[2023-11-26T06:09:50.021+0000] {taskinstance.py:1400} INFO - Marking task as SUCCESS. dag_id=outcomes_dag, task_id=trasform, execution_date=20231126T060944, start_date=20231126T060949, end_date=20231126T060950
[2023-11-26T06:09:50.073+0000] {local_task_job_runner.py:228} INFO - Task exited with return code 0
[2023-11-26T06:09:50.089+0000] {taskinstance.py:2778} INFO - 0 downstream tasks scheduled from follow-on schedule check
