[2023-11-26T05:51:43.697+0000] {logging_mixin.py:154} INFO - Changing /opt/***/logs/dag_id=outcomes_dag/run_id=manual__2023-11-26T05:51:41.904215+00:00/task_id=extract permission to 509
[2023-11-26T05:51:43.728+0000] {logging_mixin.py:154} INFO - Changing /opt/***/logs/dag_id=outcomes_dag/run_id=manual__2023-11-26T05:51:41.904215+00:00/task_id=extract permission to 509
[2023-11-26T05:51:43.766+0000] {taskinstance.py:1159} INFO - Dependencies all met for dep_context=non-requeueable deps ti=<TaskInstance: outcomes_dag.extract manual__2023-11-26T05:51:41.904215+00:00 [queued]>
[2023-11-26T05:51:43.779+0000] {taskinstance.py:1159} INFO - Dependencies all met for dep_context=requeueable deps ti=<TaskInstance: outcomes_dag.extract manual__2023-11-26T05:51:41.904215+00:00 [queued]>
[2023-11-26T05:51:43.780+0000] {taskinstance.py:1361} INFO - Starting attempt 1 of 1
[2023-11-26T05:51:43.799+0000] {taskinstance.py:1382} INFO - Executing <Task(BashOperator): extract> on 2023-11-26 05:51:41.904215+00:00
[2023-11-26T05:51:43.804+0000] {standard_task_runner.py:57} INFO - Started process 1159 to run task
[2023-11-26T05:51:43.811+0000] {standard_task_runner.py:84} INFO - Running: ['***', 'tasks', 'run', 'outcomes_dag', 'extract', 'manual__2023-11-26T05:51:41.904215+00:00', '--job-id', '69', '--raw', '--subdir', 'DAGS_FOLDER/outcomes_dag.py', '--cfg-path', '/tmp/tmpy1k62u7o']
[2023-11-26T05:51:43.814+0000] {standard_task_runner.py:85} INFO - Job 69: Subtask extract
[2023-11-26T05:51:43.873+0000] {logging_mixin.py:154} INFO - Changing /opt/***/logs/dag_id=outcomes_dag/run_id=manual__2023-11-26T05:51:41.904215+00:00/task_id=extract permission to 509
[2023-11-26T05:51:43.875+0000] {task_command.py:416} INFO - Running <TaskInstance: outcomes_dag.extract manual__2023-11-26T05:51:41.904215+00:00 [running]> on host 50f4a498a395
[2023-11-26T05:51:44.486+0000] {taskinstance.py:1662} INFO - Exporting env vars: AIRFLOW_CTX_DAG_OWNER='***' AIRFLOW_CTX_DAG_ID='outcomes_dag' AIRFLOW_CTX_TASK_ID='extract' AIRFLOW_CTX_EXECUTION_DATE='2023-11-26T05:51:41.904215+00:00' AIRFLOW_CTX_TRY_NUMBER='1' AIRFLOW_CTX_DAG_RUN_ID='manual__2023-11-26T05:51:41.904215+00:00'
[2023-11-26T05:51:44.490+0000] {subprocess.py:63} INFO - Tmp dir root location: /tmp
[2023-11-26T05:51:44.491+0000] {subprocess.py:75} INFO - Running command: ['/bin/bash', '-c', 'curl --create-dirs -o /opt/***/data/2023-11-26/downloads/outcomes_2023-11-26.csv https://data.austintexas.gov/resource/9t4d-g238.csv']
[2023-11-26T05:51:44.515+0000] {subprocess.py:86} INFO - Output:
[2023-11-26T05:51:44.523+0000] {subprocess.py:93} INFO -   % Total    % Received % Xferd  Average Speed   Time    Time     Time  Current
[2023-11-26T05:51:44.524+0000] {subprocess.py:93} INFO -                                  Dload  Upload   Total   Spent    Left  Speed
[2023-11-26T05:51:45.328+0000] {subprocess.py:93} INFO -   0     0    0     0    0     0      0      0 --:--:-- --:--:-- --:--:--     0  0     0    0     0    0     0      0      0 --:--:-- --:--:-- --:--:--     0100  174k    0  174k    0     0   217k      0 --:--:-- --:--:-- --:--:--  217k
[2023-11-26T05:51:45.332+0000] {subprocess.py:97} INFO - Command exited with return code 0
[2023-11-26T05:51:45.362+0000] {taskinstance.py:1400} INFO - Marking task as SUCCESS. dag_id=outcomes_dag, task_id=extract, execution_date=20231126T055141, start_date=20231126T055143, end_date=20231126T055145
[2023-11-26T05:51:45.389+0000] {local_task_job_runner.py:228} INFO - Task exited with return code 0
[2023-11-26T05:51:45.411+0000] {taskinstance.py:2778} INFO - 1 downstream tasks scheduled from follow-on schedule check
