[2023-11-26T06:01:19.699+0000] {logging_mixin.py:154} INFO - Changing /opt/***/logs/dag_id=outcomes_dag/run_id=manual__2023-11-26T06:01:18.484235+00:00/task_id=extract permission to 509
[2023-11-26T06:01:19.736+0000] {logging_mixin.py:154} INFO - Changing /opt/***/logs/dag_id=outcomes_dag/run_id=manual__2023-11-26T06:01:18.484235+00:00/task_id=extract permission to 509
[2023-11-26T06:01:19.771+0000] {taskinstance.py:1159} INFO - Dependencies all met for dep_context=non-requeueable deps ti=<TaskInstance: outcomes_dag.extract manual__2023-11-26T06:01:18.484235+00:00 [queued]>
[2023-11-26T06:01:19.780+0000] {taskinstance.py:1159} INFO - Dependencies all met for dep_context=requeueable deps ti=<TaskInstance: outcomes_dag.extract manual__2023-11-26T06:01:18.484235+00:00 [queued]>
[2023-11-26T06:01:19.781+0000] {taskinstance.py:1361} INFO - Starting attempt 1 of 1
[2023-11-26T06:01:19.796+0000] {taskinstance.py:1382} INFO - Executing <Task(BashOperator): extract> on 2023-11-26 06:01:18.484235+00:00
[2023-11-26T06:01:19.801+0000] {standard_task_runner.py:57} INFO - Started process 1346 to run task
[2023-11-26T06:01:19.804+0000] {standard_task_runner.py:84} INFO - Running: ['***', 'tasks', 'run', 'outcomes_dag', 'extract', 'manual__2023-11-26T06:01:18.484235+00:00', '--job-id', '75', '--raw', '--subdir', 'DAGS_FOLDER/outcomes_dag.py', '--cfg-path', '/tmp/tmphodpo6h1']
[2023-11-26T06:01:19.807+0000] {standard_task_runner.py:85} INFO - Job 75: Subtask extract
[2023-11-26T06:01:19.863+0000] {logging_mixin.py:154} INFO - Changing /opt/***/logs/dag_id=outcomes_dag/run_id=manual__2023-11-26T06:01:18.484235+00:00/task_id=extract permission to 509
[2023-11-26T06:01:19.866+0000] {task_command.py:416} INFO - Running <TaskInstance: outcomes_dag.extract manual__2023-11-26T06:01:18.484235+00:00 [running]> on host 50f4a498a395
[2023-11-26T06:01:20.300+0000] {taskinstance.py:1662} INFO - Exporting env vars: AIRFLOW_CTX_DAG_OWNER='***' AIRFLOW_CTX_DAG_ID='outcomes_dag' AIRFLOW_CTX_TASK_ID='extract' AIRFLOW_CTX_EXECUTION_DATE='2023-11-26T06:01:18.484235+00:00' AIRFLOW_CTX_TRY_NUMBER='1' AIRFLOW_CTX_DAG_RUN_ID='manual__2023-11-26T06:01:18.484235+00:00'
[2023-11-26T06:01:20.304+0000] {subprocess.py:63} INFO - Tmp dir root location: /tmp
[2023-11-26T06:01:20.305+0000] {subprocess.py:75} INFO - Running command: ['/bin/bash', '-c', 'curl --create-dirs -o /opt/***/data/downloads/outcomes.csv https://data.austintexas.gov/resource/9t4d-g238.csv']
[2023-11-26T06:01:20.322+0000] {subprocess.py:86} INFO - Output:
[2023-11-26T06:01:20.334+0000] {subprocess.py:93} INFO -   % Total    % Received % Xferd  Average Speed   Time    Time     Time  Current
[2023-11-26T06:01:20.335+0000] {subprocess.py:93} INFO -                                  Dload  Upload   Total   Spent    Left  Speed
[2023-11-26T06:01:21.156+0000] {subprocess.py:93} INFO -   0     0    0     0    0     0      0      0 --:--:-- --:--:-- --:--:--     0100 31727    0 31727    0     0  43224      0 --:--:-- --:--:-- --:--:-- 43165100  174k    0  174k    0     0   212k      0 --:--:-- --:--:-- --:--:--  212k
[2023-11-26T06:01:21.159+0000] {subprocess.py:97} INFO - Command exited with return code 0
[2023-11-26T06:01:21.185+0000] {taskinstance.py:1400} INFO - Marking task as SUCCESS. dag_id=outcomes_dag, task_id=extract, execution_date=20231126T060118, start_date=20231126T060119, end_date=20231126T060121
[2023-11-26T06:01:21.223+0000] {local_task_job_runner.py:228} INFO - Task exited with return code 0
[2023-11-26T06:01:21.244+0000] {taskinstance.py:2778} INFO - 1 downstream tasks scheduled from follow-on schedule check
