[2023-11-22T04:51:19.992+0000] {logging_mixin.py:154} INFO - Changing /opt/***/logs/dag_id=outcomes_dag/run_id=scheduled__2023-11-06T00:00:00+00:00/task_id=step2 permission to 509
[2023-11-22T04:51:20.034+0000] {logging_mixin.py:154} INFO - Changing /opt/***/logs/dag_id=outcomes_dag/run_id=scheduled__2023-11-06T00:00:00+00:00/task_id=step2 permission to 509
[2023-11-22T04:51:20.077+0000] {taskinstance.py:1159} INFO - Dependencies all met for dep_context=non-requeueable deps ti=<TaskInstance: outcomes_dag.step2 scheduled__2023-11-06T00:00:00+00:00 [queued]>
[2023-11-22T04:51:20.091+0000] {taskinstance.py:1159} INFO - Dependencies all met for dep_context=requeueable deps ti=<TaskInstance: outcomes_dag.step2 scheduled__2023-11-06T00:00:00+00:00 [queued]>
[2023-11-22T04:51:20.092+0000] {taskinstance.py:1361} INFO - Starting attempt 1 of 1
[2023-11-22T04:51:20.114+0000] {taskinstance.py:1382} INFO - Executing <Task(BashOperator): step2> on 2023-11-06 00:00:00+00:00
[2023-11-22T04:51:20.119+0000] {standard_task_runner.py:57} INFO - Started process 761 to run task
[2023-11-22T04:51:20.123+0000] {standard_task_runner.py:84} INFO - Running: ['***', 'tasks', 'run', 'outcomes_dag', 'step2', 'scheduled__2023-11-06T00:00:00+00:00', '--job-id', '15', '--raw', '--subdir', 'DAGS_FOLDER/outcomes_dag.py', '--cfg-path', '/tmp/tmpbjoje0tw']
[2023-11-22T04:51:20.125+0000] {standard_task_runner.py:85} INFO - Job 15: Subtask step2
[2023-11-22T04:51:20.219+0000] {logging_mixin.py:154} INFO - Changing /opt/***/logs/dag_id=outcomes_dag/run_id=scheduled__2023-11-06T00:00:00+00:00/task_id=step2 permission to 509
[2023-11-22T04:51:20.227+0000] {task_command.py:416} INFO - Running <TaskInstance: outcomes_dag.step2 scheduled__2023-11-06T00:00:00+00:00 [running]> on host 50f4a498a395
[2023-11-22T04:51:20.383+0000] {taskinstance.py:1662} INFO - Exporting env vars: AIRFLOW_CTX_DAG_OWNER='***' AIRFLOW_CTX_DAG_ID='outcomes_dag' AIRFLOW_CTX_TASK_ID='step2' AIRFLOW_CTX_EXECUTION_DATE='2023-11-06T00:00:00+00:00' AIRFLOW_CTX_TRY_NUMBER='1' AIRFLOW_CTX_DAG_RUN_ID='scheduled__2023-11-06T00:00:00+00:00'
[2023-11-22T04:51:20.385+0000] {subprocess.py:63} INFO - Tmp dir root location: /tmp
[2023-11-22T04:51:20.386+0000] {subprocess.py:75} INFO - Running command: ['/bin/bash', '-c', 'echo 2']
[2023-11-22T04:51:20.404+0000] {subprocess.py:86} INFO - Output:
[2023-11-22T04:51:20.407+0000] {subprocess.py:93} INFO - 2
[2023-11-22T04:51:20.409+0000] {subprocess.py:97} INFO - Command exited with return code 0
[2023-11-22T04:51:20.452+0000] {taskinstance.py:1400} INFO - Marking task as SUCCESS. dag_id=outcomes_dag, task_id=step2, execution_date=20231106T000000, start_date=20231122T045120, end_date=20231122T045120
[2023-11-22T04:51:20.497+0000] {local_task_job_runner.py:228} INFO - Task exited with return code 0
[2023-11-22T04:51:20.526+0000] {taskinstance.py:2778} INFO - 0 downstream tasks scheduled from follow-on schedule check
