[2023-11-22T04:51:20.696+0000] {logging_mixin.py:154} INFO - Changing /opt/***/logs/dag_id=outcomes_dag/run_id=scheduled__2023-11-08T00:00:00+00:00/task_id=step2 permission to 509
[2023-11-22T04:51:20.746+0000] {logging_mixin.py:154} INFO - Changing /opt/***/logs/dag_id=outcomes_dag/run_id=scheduled__2023-11-08T00:00:00+00:00/task_id=step2 permission to 509
[2023-11-22T04:51:20.883+0000] {taskinstance.py:1159} INFO - Dependencies all met for dep_context=non-requeueable deps ti=<TaskInstance: outcomes_dag.step2 scheduled__2023-11-08T00:00:00+00:00 [queued]>
[2023-11-22T04:51:20.900+0000] {taskinstance.py:1159} INFO - Dependencies all met for dep_context=requeueable deps ti=<TaskInstance: outcomes_dag.step2 scheduled__2023-11-08T00:00:00+00:00 [queued]>
[2023-11-22T04:51:20.901+0000] {taskinstance.py:1361} INFO - Starting attempt 1 of 1
[2023-11-22T04:51:20.935+0000] {taskinstance.py:1382} INFO - Executing <Task(BashOperator): step2> on 2023-11-08 00:00:00+00:00
[2023-11-22T04:51:20.944+0000] {standard_task_runner.py:57} INFO - Started process 781 to run task
[2023-11-22T04:51:20.948+0000] {standard_task_runner.py:84} INFO - Running: ['***', 'tasks', 'run', 'outcomes_dag', 'step2', 'scheduled__2023-11-08T00:00:00+00:00', '--job-id', '19', '--raw', '--subdir', 'DAGS_FOLDER/outcomes_dag.py', '--cfg-path', '/tmp/tmp9xc4lejt']
[2023-11-22T04:51:20.950+0000] {standard_task_runner.py:85} INFO - Job 19: Subtask step2
[2023-11-22T04:51:21.050+0000] {logging_mixin.py:154} INFO - Changing /opt/***/logs/dag_id=outcomes_dag/run_id=scheduled__2023-11-08T00:00:00+00:00/task_id=step2 permission to 509
[2023-11-22T04:51:21.056+0000] {task_command.py:416} INFO - Running <TaskInstance: outcomes_dag.step2 scheduled__2023-11-08T00:00:00+00:00 [running]> on host 50f4a498a395
[2023-11-22T04:51:21.216+0000] {taskinstance.py:1662} INFO - Exporting env vars: AIRFLOW_CTX_DAG_OWNER='***' AIRFLOW_CTX_DAG_ID='outcomes_dag' AIRFLOW_CTX_TASK_ID='step2' AIRFLOW_CTX_EXECUTION_DATE='2023-11-08T00:00:00+00:00' AIRFLOW_CTX_TRY_NUMBER='1' AIRFLOW_CTX_DAG_RUN_ID='scheduled__2023-11-08T00:00:00+00:00'
[2023-11-22T04:51:21.218+0000] {subprocess.py:63} INFO - Tmp dir root location: /tmp
[2023-11-22T04:51:21.220+0000] {subprocess.py:75} INFO - Running command: ['/bin/bash', '-c', 'echo 2']
[2023-11-22T04:51:21.238+0000] {subprocess.py:86} INFO - Output:
[2023-11-22T04:51:21.241+0000] {subprocess.py:93} INFO - 2
[2023-11-22T04:51:21.242+0000] {subprocess.py:97} INFO - Command exited with return code 0
[2023-11-22T04:51:21.284+0000] {taskinstance.py:1400} INFO - Marking task as SUCCESS. dag_id=outcomes_dag, task_id=step2, execution_date=20231108T000000, start_date=20231122T045120, end_date=20231122T045121
[2023-11-22T04:51:21.324+0000] {local_task_job_runner.py:228} INFO - Task exited with return code 0
[2023-11-22T04:51:21.362+0000] {taskinstance.py:2778} INFO - 0 downstream tasks scheduled from follow-on schedule check
