[2023-11-26T05:59:46.006+0000] {logging_mixin.py:154} INFO - Changing /opt/***/logs/dag_id=outcomes_dag/run_id=manual__2023-11-26T05:59:44.359623+00:00/task_id=extract permission to 509
[2023-11-26T05:59:46.039+0000] {logging_mixin.py:154} INFO - Changing /opt/***/logs/dag_id=outcomes_dag/run_id=manual__2023-11-26T05:59:44.359623+00:00/task_id=extract permission to 509
[2023-11-26T05:59:46.076+0000] {taskinstance.py:1159} INFO - Dependencies all met for dep_context=non-requeueable deps ti=<TaskInstance: outcomes_dag.extract manual__2023-11-26T05:59:44.359623+00:00 [queued]>
[2023-11-26T05:59:46.085+0000] {taskinstance.py:1159} INFO - Dependencies all met for dep_context=requeueable deps ti=<TaskInstance: outcomes_dag.extract manual__2023-11-26T05:59:44.359623+00:00 [queued]>
[2023-11-26T05:59:46.086+0000] {taskinstance.py:1361} INFO - Starting attempt 1 of 1
[2023-11-26T05:59:46.101+0000] {taskinstance.py:1382} INFO - Executing <Task(BashOperator): extract> on 2023-11-26 05:59:44.359623+00:00
[2023-11-26T05:59:46.106+0000] {standard_task_runner.py:57} INFO - Started process 1314 to run task
[2023-11-26T05:59:46.110+0000] {standard_task_runner.py:84} INFO - Running: ['***', 'tasks', 'run', 'outcomes_dag', 'extract', 'manual__2023-11-26T05:59:44.359623+00:00', '--job-id', '73', '--raw', '--subdir', 'DAGS_FOLDER/outcomes_dag.py', '--cfg-path', '/tmp/tmpgu3jnhae']
[2023-11-26T05:59:46.114+0000] {standard_task_runner.py:85} INFO - Job 73: Subtask extract
[2023-11-26T05:59:46.173+0000] {logging_mixin.py:154} INFO - Changing /opt/***/logs/dag_id=outcomes_dag/run_id=manual__2023-11-26T05:59:44.359623+00:00/task_id=extract permission to 509
[2023-11-26T05:59:46.176+0000] {task_command.py:416} INFO - Running <TaskInstance: outcomes_dag.extract manual__2023-11-26T05:59:44.359623+00:00 [running]> on host 50f4a498a395
[2023-11-26T05:59:46.485+0000] {taskinstance.py:1662} INFO - Exporting env vars: AIRFLOW_CTX_DAG_OWNER='***' AIRFLOW_CTX_DAG_ID='outcomes_dag' AIRFLOW_CTX_TASK_ID='extract' AIRFLOW_CTX_EXECUTION_DATE='2023-11-26T05:59:44.359623+00:00' AIRFLOW_CTX_TRY_NUMBER='1' AIRFLOW_CTX_DAG_RUN_ID='manual__2023-11-26T05:59:44.359623+00:00'
[2023-11-26T05:59:46.487+0000] {subprocess.py:63} INFO - Tmp dir root location: /tmp
[2023-11-26T05:59:46.488+0000] {subprocess.py:75} INFO - Running command: ['/bin/bash', '-c', 'curl --create-dirs -o /opt/***/data/downloads/outcomes.csv https://data.austintexas.gov/resource/9t4d-g238.csv']
[2023-11-26T05:59:46.498+0000] {subprocess.py:86} INFO - Output:
[2023-11-26T05:59:46.506+0000] {subprocess.py:93} INFO -   % Total    % Received % Xferd  Average Speed   Time    Time     Time  Current
[2023-11-26T05:59:46.507+0000] {subprocess.py:93} INFO -                                  Dload  Upload   Total   Spent    Left  Speed
[2023-11-26T05:59:47.277+0000] {subprocess.py:93} INFO -   0     0    0     0    0     0      0      0 --:--:-- --:--:-- --:--:--     0  0     0    0     0    0     0      0      0 --:--:-- --:--:-- --:--:--     0100  174k    0  174k    0     0   227k      0 --:--:-- --:--:-- --:--:--  226k
[2023-11-26T05:59:47.279+0000] {subprocess.py:97} INFO - Command exited with return code 0
[2023-11-26T05:59:47.307+0000] {taskinstance.py:1400} INFO - Marking task as SUCCESS. dag_id=outcomes_dag, task_id=extract, execution_date=20231126T055944, start_date=20231126T055946, end_date=20231126T055947
[2023-11-26T05:59:47.329+0000] {local_task_job_runner.py:228} INFO - Task exited with return code 0
[2023-11-26T05:59:47.350+0000] {taskinstance.py:2778} INFO - 1 downstream tasks scheduled from follow-on schedule check
