[2023-11-26T06:05:58.272+0000] {logging_mixin.py:154} INFO - Changing /opt/***/logs/dag_id=outcomes_dag/run_id=manual__2023-11-26T06:05:56.560980+00:00/task_id=extract permission to 509
[2023-11-26T06:05:58.311+0000] {logging_mixin.py:154} INFO - Changing /opt/***/logs/dag_id=outcomes_dag/run_id=manual__2023-11-26T06:05:56.560980+00:00/task_id=extract permission to 509
[2023-11-26T06:05:58.344+0000] {taskinstance.py:1159} INFO - Dependencies all met for dep_context=non-requeueable deps ti=<TaskInstance: outcomes_dag.extract manual__2023-11-26T06:05:56.560980+00:00 [queued]>
[2023-11-26T06:05:58.354+0000] {taskinstance.py:1159} INFO - Dependencies all met for dep_context=requeueable deps ti=<TaskInstance: outcomes_dag.extract manual__2023-11-26T06:05:56.560980+00:00 [queued]>
[2023-11-26T06:05:58.355+0000] {taskinstance.py:1361} INFO - Starting attempt 1 of 1
[2023-11-26T06:05:58.372+0000] {taskinstance.py:1382} INFO - Executing <Task(BashOperator): extract> on 2023-11-26 06:05:56.560980+00:00
[2023-11-26T06:05:58.378+0000] {standard_task_runner.py:57} INFO - Started process 1425 to run task
[2023-11-26T06:05:58.382+0000] {standard_task_runner.py:84} INFO - Running: ['***', 'tasks', 'run', 'outcomes_dag', 'extract', 'manual__2023-11-26T06:05:56.560980+00:00', '--job-id', '77', '--raw', '--subdir', 'DAGS_FOLDER/outcomes_dag.py', '--cfg-path', '/tmp/tmpqx_i6fwh']
[2023-11-26T06:05:58.385+0000] {standard_task_runner.py:85} INFO - Job 77: Subtask extract
[2023-11-26T06:05:58.434+0000] {logging_mixin.py:154} INFO - Changing /opt/***/logs/dag_id=outcomes_dag/run_id=manual__2023-11-26T06:05:56.560980+00:00/task_id=extract permission to 509
[2023-11-26T06:05:58.436+0000] {task_command.py:416} INFO - Running <TaskInstance: outcomes_dag.extract manual__2023-11-26T06:05:56.560980+00:00 [running]> on host 50f4a498a395
[2023-11-26T06:05:58.807+0000] {taskinstance.py:1662} INFO - Exporting env vars: AIRFLOW_CTX_DAG_OWNER='***' AIRFLOW_CTX_DAG_ID='outcomes_dag' AIRFLOW_CTX_TASK_ID='extract' AIRFLOW_CTX_EXECUTION_DATE='2023-11-26T06:05:56.560980+00:00' AIRFLOW_CTX_TRY_NUMBER='1' AIRFLOW_CTX_DAG_RUN_ID='manual__2023-11-26T06:05:56.560980+00:00'
[2023-11-26T06:05:58.808+0000] {subprocess.py:63} INFO - Tmp dir root location: /tmp
[2023-11-26T06:05:58.809+0000] {subprocess.py:75} INFO - Running command: ['/bin/bash', '-c', 'curl --create-dirs -o /opt/***/data/downloads/outcomes.csv https://data.austintexas.gov/resource/9t4d-g238.csv']
[2023-11-26T06:05:58.820+0000] {subprocess.py:86} INFO - Output:
[2023-11-26T06:05:58.828+0000] {subprocess.py:93} INFO -   % Total    % Received % Xferd  Average Speed   Time    Time     Time  Current
[2023-11-26T06:05:58.829+0000] {subprocess.py:93} INFO -                                  Dload  Upload   Total   Spent    Left  Speed
[2023-11-26T06:05:59.546+0000] {subprocess.py:93} INFO -   0     0    0     0    0     0      0      0 --:--:-- --:--:-- --:--:--     0  0     0    0     0    0     0      0      0 --:--:-- --:--:-- --:--:--     0100  174k    0  174k    0     0   243k      0 --:--:-- --:--:-- --:--:--  243k
[2023-11-26T06:05:59.549+0000] {subprocess.py:97} INFO - Command exited with return code 0
[2023-11-26T06:05:59.581+0000] {taskinstance.py:1400} INFO - Marking task as SUCCESS. dag_id=outcomes_dag, task_id=extract, execution_date=20231126T060556, start_date=20231126T060558, end_date=20231126T060559
[2023-11-26T06:05:59.641+0000] {local_task_job_runner.py:228} INFO - Task exited with return code 0
[2023-11-26T06:05:59.663+0000] {taskinstance.py:2778} INFO - 1 downstream tasks scheduled from follow-on schedule check
