[2023-11-26T05:54:30.455+0000] {logging_mixin.py:154} INFO - Changing /opt/***/logs/dag_id=outcomes_dag/run_id=manual__2023-11-26T05:54:29.341781+00:00/task_id=extract permission to 509
[2023-11-26T05:54:30.496+0000] {logging_mixin.py:154} INFO - Changing /opt/***/logs/dag_id=outcomes_dag/run_id=manual__2023-11-26T05:54:29.341781+00:00/task_id=extract permission to 509
[2023-11-26T05:54:30.534+0000] {taskinstance.py:1159} INFO - Dependencies all met for dep_context=non-requeueable deps ti=<TaskInstance: outcomes_dag.extract manual__2023-11-26T05:54:29.341781+00:00 [queued]>
[2023-11-26T05:54:30.544+0000] {taskinstance.py:1159} INFO - Dependencies all met for dep_context=requeueable deps ti=<TaskInstance: outcomes_dag.extract manual__2023-11-26T05:54:29.341781+00:00 [queued]>
[2023-11-26T05:54:30.545+0000] {taskinstance.py:1361} INFO - Starting attempt 1 of 1
[2023-11-26T05:54:30.560+0000] {taskinstance.py:1382} INFO - Executing <Task(BashOperator): extract> on 2023-11-26 05:54:29.341781+00:00
[2023-11-26T05:54:30.565+0000] {standard_task_runner.py:57} INFO - Started process 1210 to run task
[2023-11-26T05:54:30.569+0000] {standard_task_runner.py:84} INFO - Running: ['***', 'tasks', 'run', 'outcomes_dag', 'extract', 'manual__2023-11-26T05:54:29.341781+00:00', '--job-id', '71', '--raw', '--subdir', 'DAGS_FOLDER/outcomes_dag.py', '--cfg-path', '/tmp/tmpa4iviqzy']
[2023-11-26T05:54:30.573+0000] {standard_task_runner.py:85} INFO - Job 71: Subtask extract
[2023-11-26T05:54:30.625+0000] {logging_mixin.py:154} INFO - Changing /opt/***/logs/dag_id=outcomes_dag/run_id=manual__2023-11-26T05:54:29.341781+00:00/task_id=extract permission to 509
[2023-11-26T05:54:30.628+0000] {task_command.py:416} INFO - Running <TaskInstance: outcomes_dag.extract manual__2023-11-26T05:54:29.341781+00:00 [running]> on host 50f4a498a395
[2023-11-26T05:54:30.969+0000] {taskinstance.py:1662} INFO - Exporting env vars: AIRFLOW_CTX_DAG_OWNER='***' AIRFLOW_CTX_DAG_ID='outcomes_dag' AIRFLOW_CTX_TASK_ID='extract' AIRFLOW_CTX_EXECUTION_DATE='2023-11-26T05:54:29.341781+00:00' AIRFLOW_CTX_TRY_NUMBER='1' AIRFLOW_CTX_DAG_RUN_ID='manual__2023-11-26T05:54:29.341781+00:00'
[2023-11-26T05:54:30.971+0000] {subprocess.py:63} INFO - Tmp dir root location: /tmp
[2023-11-26T05:54:30.972+0000] {subprocess.py:75} INFO - Running command: ['/bin/bash', '-c', 'curl --create-dirs -o /opt/***/data/downloads/outcomes.csv https://data.austintexas.gov/resource/9t4d-g238.csv']
[2023-11-26T05:54:30.983+0000] {subprocess.py:86} INFO - Output:
[2023-11-26T05:54:30.992+0000] {subprocess.py:93} INFO -   % Total    % Received % Xferd  Average Speed   Time    Time     Time  Current
[2023-11-26T05:54:30.993+0000] {subprocess.py:93} INFO -                                  Dload  Upload   Total   Spent    Left  Speed
[2023-11-26T05:54:33.102+0000] {subprocess.py:93} INFO -   0     0    0     0    0     0      0      0 --:--:-- --:--:-- --:--:--     0  0     0    0     0    0     0      0      0 --:--:-- --:--:-- --:--:--     0  0     0    0     0    0     0      0      0 --:--:--  0:00:01 --:--:--     0100 48111    0 48111    0     0  23457      0 --:--:--  0:00:02 --:--:-- 23445100  174k    0  174k    0     0  84895      0 --:--:--  0:00:02 --:--:-- 84854
[2023-11-26T05:54:33.106+0000] {subprocess.py:97} INFO - Command exited with return code 0
[2023-11-26T05:54:33.134+0000] {taskinstance.py:1400} INFO - Marking task as SUCCESS. dag_id=outcomes_dag, task_id=extract, execution_date=20231126T055429, start_date=20231126T055430, end_date=20231126T055433
[2023-11-26T05:54:33.159+0000] {local_task_job_runner.py:228} INFO - Task exited with return code 0
[2023-11-26T05:54:33.181+0000] {taskinstance.py:2778} INFO - 1 downstream tasks scheduled from follow-on schedule check
