[2023-11-22T04:51:29.326+0000] {logging_mixin.py:154} INFO - Changing /opt/***/logs/dag_id=outcomes_dag/run_id=scheduled__2023-11-17T00:00:00+00:00/task_id=step1 permission to 509
[2023-11-22T04:51:29.374+0000] {logging_mixin.py:154} INFO - Changing /opt/***/logs/dag_id=outcomes_dag/run_id=scheduled__2023-11-17T00:00:00+00:00/task_id=step1 permission to 509
[2023-11-22T04:51:29.421+0000] {taskinstance.py:1159} INFO - Dependencies all met for dep_context=non-requeueable deps ti=<TaskInstance: outcomes_dag.step1 scheduled__2023-11-17T00:00:00+00:00 [queued]>
[2023-11-22T04:51:29.438+0000] {taskinstance.py:1159} INFO - Dependencies all met for dep_context=requeueable deps ti=<TaskInstance: outcomes_dag.step1 scheduled__2023-11-17T00:00:00+00:00 [queued]>
[2023-11-22T04:51:29.439+0000] {taskinstance.py:1361} INFO - Starting attempt 1 of 1
[2023-11-22T04:51:29.464+0000] {taskinstance.py:1382} INFO - Executing <Task(BashOperator): step1> on 2023-11-17 00:00:00+00:00
[2023-11-22T04:51:29.471+0000] {standard_task_runner.py:57} INFO - Started process 835 to run task
[2023-11-22T04:51:29.476+0000] {standard_task_runner.py:84} INFO - Running: ['***', 'tasks', 'run', 'outcomes_dag', 'step1', 'scheduled__2023-11-17T00:00:00+00:00', '--job-id', '37', '--raw', '--subdir', 'DAGS_FOLDER/outcomes_dag.py', '--cfg-path', '/tmp/tmp7zway0b3']
[2023-11-22T04:51:29.478+0000] {standard_task_runner.py:85} INFO - Job 37: Subtask step1
[2023-11-22T04:51:29.556+0000] {logging_mixin.py:154} INFO - Changing /opt/***/logs/dag_id=outcomes_dag/run_id=scheduled__2023-11-17T00:00:00+00:00/task_id=step1 permission to 509
[2023-11-22T04:51:29.562+0000] {task_command.py:416} INFO - Running <TaskInstance: outcomes_dag.step1 scheduled__2023-11-17T00:00:00+00:00 [running]> on host 50f4a498a395
[2023-11-22T04:51:29.721+0000] {taskinstance.py:1662} INFO - Exporting env vars: AIRFLOW_CTX_DAG_OWNER='***' AIRFLOW_CTX_DAG_ID='outcomes_dag' AIRFLOW_CTX_TASK_ID='step1' AIRFLOW_CTX_EXECUTION_DATE='2023-11-17T00:00:00+00:00' AIRFLOW_CTX_TRY_NUMBER='1' AIRFLOW_CTX_DAG_RUN_ID='scheduled__2023-11-17T00:00:00+00:00'
[2023-11-22T04:51:29.724+0000] {subprocess.py:63} INFO - Tmp dir root location: /tmp
[2023-11-22T04:51:29.726+0000] {subprocess.py:75} INFO - Running command: ['/bin/bash', '-c', 'echo 1']
[2023-11-22T04:51:29.744+0000] {subprocess.py:86} INFO - Output:
[2023-11-22T04:51:29.747+0000] {subprocess.py:93} INFO - 1
[2023-11-22T04:51:29.749+0000] {subprocess.py:97} INFO - Command exited with return code 0
[2023-11-22T04:51:29.797+0000] {taskinstance.py:1400} INFO - Marking task as SUCCESS. dag_id=outcomes_dag, task_id=step1, execution_date=20231117T000000, start_date=20231122T045129, end_date=20231122T045129
[2023-11-22T04:51:29.850+0000] {local_task_job_runner.py:228} INFO - Task exited with return code 0
[2023-11-22T04:51:29.880+0000] {taskinstance.py:2778} INFO - 0 downstream tasks scheduled from follow-on schedule check
