[2023-11-22T04:51:30.083+0000] {logging_mixin.py:154} INFO - Changing /opt/***/logs/dag_id=outcomes_dag/run_id=scheduled__2023-11-19T00:00:00+00:00/task_id=step1 permission to 509
[2023-11-22T04:51:30.137+0000] {logging_mixin.py:154} INFO - Changing /opt/***/logs/dag_id=outcomes_dag/run_id=scheduled__2023-11-19T00:00:00+00:00/task_id=step1 permission to 509
[2023-11-22T04:51:30.186+0000] {taskinstance.py:1159} INFO - Dependencies all met for dep_context=non-requeueable deps ti=<TaskInstance: outcomes_dag.step1 scheduled__2023-11-19T00:00:00+00:00 [queued]>
[2023-11-22T04:51:30.197+0000] {taskinstance.py:1159} INFO - Dependencies all met for dep_context=requeueable deps ti=<TaskInstance: outcomes_dag.step1 scheduled__2023-11-19T00:00:00+00:00 [queued]>
[2023-11-22T04:51:30.198+0000] {taskinstance.py:1361} INFO - Starting attempt 1 of 1
[2023-11-22T04:51:30.216+0000] {taskinstance.py:1382} INFO - Executing <Task(BashOperator): step1> on 2023-11-19 00:00:00+00:00
[2023-11-22T04:51:30.221+0000] {standard_task_runner.py:57} INFO - Started process 847 to run task
[2023-11-22T04:51:30.225+0000] {standard_task_runner.py:84} INFO - Running: ['***', 'tasks', 'run', 'outcomes_dag', 'step1', 'scheduled__2023-11-19T00:00:00+00:00', '--job-id', '41', '--raw', '--subdir', 'DAGS_FOLDER/outcomes_dag.py', '--cfg-path', '/tmp/tmptf31b68v']
[2023-11-22T04:51:30.227+0000] {standard_task_runner.py:85} INFO - Job 41: Subtask step1
[2023-11-22T04:51:30.286+0000] {logging_mixin.py:154} INFO - Changing /opt/***/logs/dag_id=outcomes_dag/run_id=scheduled__2023-11-19T00:00:00+00:00/task_id=step1 permission to 509
[2023-11-22T04:51:30.289+0000] {task_command.py:416} INFO - Running <TaskInstance: outcomes_dag.step1 scheduled__2023-11-19T00:00:00+00:00 [running]> on host 50f4a498a395
[2023-11-22T04:51:30.387+0000] {taskinstance.py:1662} INFO - Exporting env vars: AIRFLOW_CTX_DAG_OWNER='***' AIRFLOW_CTX_DAG_ID='outcomes_dag' AIRFLOW_CTX_TASK_ID='step1' AIRFLOW_CTX_EXECUTION_DATE='2023-11-19T00:00:00+00:00' AIRFLOW_CTX_TRY_NUMBER='1' AIRFLOW_CTX_DAG_RUN_ID='scheduled__2023-11-19T00:00:00+00:00'
[2023-11-22T04:51:30.389+0000] {subprocess.py:63} INFO - Tmp dir root location: /tmp
[2023-11-22T04:51:30.391+0000] {subprocess.py:75} INFO - Running command: ['/bin/bash', '-c', 'echo 1']
[2023-11-22T04:51:30.403+0000] {subprocess.py:86} INFO - Output:
[2023-11-22T04:51:30.405+0000] {subprocess.py:93} INFO - 1
[2023-11-22T04:51:30.406+0000] {subprocess.py:97} INFO - Command exited with return code 0
[2023-11-22T04:51:30.439+0000] {taskinstance.py:1400} INFO - Marking task as SUCCESS. dag_id=outcomes_dag, task_id=step1, execution_date=20231119T000000, start_date=20231122T045130, end_date=20231122T045130
[2023-11-22T04:51:30.478+0000] {local_task_job_runner.py:228} INFO - Task exited with return code 0
[2023-11-22T04:51:30.501+0000] {taskinstance.py:2778} INFO - 0 downstream tasks scheduled from follow-on schedule check
