[2023-11-22T04:51:17.375+0000] {logging_mixin.py:154} INFO - Changing /opt/***/logs/dag_id=outcomes_dag/run_id=scheduled__2023-11-04T00:00:00+00:00/task_id=step2 permission to 509
[2023-11-22T04:51:17.420+0000] {logging_mixin.py:154} INFO - Changing /opt/***/logs/dag_id=outcomes_dag/run_id=scheduled__2023-11-04T00:00:00+00:00/task_id=step2 permission to 509
[2023-11-22T04:51:17.467+0000] {taskinstance.py:1159} INFO - Dependencies all met for dep_context=non-requeueable deps ti=<TaskInstance: outcomes_dag.step2 scheduled__2023-11-04T00:00:00+00:00 [queued]>
[2023-11-22T04:51:17.480+0000] {taskinstance.py:1159} INFO - Dependencies all met for dep_context=requeueable deps ti=<TaskInstance: outcomes_dag.step2 scheduled__2023-11-04T00:00:00+00:00 [queued]>
[2023-11-22T04:51:17.481+0000] {taskinstance.py:1361} INFO - Starting attempt 1 of 1
[2023-11-22T04:51:17.510+0000] {taskinstance.py:1382} INFO - Executing <Task(BashOperator): step2> on 2023-11-04 00:00:00+00:00
[2023-11-22T04:51:17.516+0000] {standard_task_runner.py:57} INFO - Started process 750 to run task
[2023-11-22T04:51:17.523+0000] {standard_task_runner.py:84} INFO - Running: ['***', 'tasks', 'run', 'outcomes_dag', 'step2', 'scheduled__2023-11-04T00:00:00+00:00', '--job-id', '12', '--raw', '--subdir', 'DAGS_FOLDER/outcomes_dag.py', '--cfg-path', '/tmp/tmprmfcnrtx']
[2023-11-22T04:51:17.525+0000] {standard_task_runner.py:85} INFO - Job 12: Subtask step2
[2023-11-22T04:51:17.602+0000] {logging_mixin.py:154} INFO - Changing /opt/***/logs/dag_id=outcomes_dag/run_id=scheduled__2023-11-04T00:00:00+00:00/task_id=step2 permission to 509
[2023-11-22T04:51:17.608+0000] {task_command.py:416} INFO - Running <TaskInstance: outcomes_dag.step2 scheduled__2023-11-04T00:00:00+00:00 [running]> on host 50f4a498a395
[2023-11-22T04:51:17.721+0000] {taskinstance.py:1662} INFO - Exporting env vars: AIRFLOW_CTX_DAG_OWNER='***' AIRFLOW_CTX_DAG_ID='outcomes_dag' AIRFLOW_CTX_TASK_ID='step2' AIRFLOW_CTX_EXECUTION_DATE='2023-11-04T00:00:00+00:00' AIRFLOW_CTX_TRY_NUMBER='1' AIRFLOW_CTX_DAG_RUN_ID='scheduled__2023-11-04T00:00:00+00:00'
[2023-11-22T04:51:17.724+0000] {subprocess.py:63} INFO - Tmp dir root location: /tmp
[2023-11-22T04:51:17.725+0000] {subprocess.py:75} INFO - Running command: ['/bin/bash', '-c', 'echo 2']
[2023-11-22T04:51:17.740+0000] {subprocess.py:86} INFO - Output:
[2023-11-22T04:51:17.743+0000] {subprocess.py:93} INFO - 2
[2023-11-22T04:51:17.744+0000] {subprocess.py:97} INFO - Command exited with return code 0
[2023-11-22T04:51:17.776+0000] {taskinstance.py:1400} INFO - Marking task as SUCCESS. dag_id=outcomes_dag, task_id=step2, execution_date=20231104T000000, start_date=20231122T045117, end_date=20231122T045117
[2023-11-22T04:51:17.815+0000] {local_task_job_runner.py:228} INFO - Task exited with return code 0
[2023-11-22T04:51:17.839+0000] {taskinstance.py:2778} INFO - 0 downstream tasks scheduled from follow-on schedule check
