[2023-11-26T04:40:11.064+0000] {logging_mixin.py:154} INFO - Changing /opt/***/logs/dag_id=outcomes_dag/run_id=scheduled__2023-11-25T00:00:00+00:00/task_id=extract permission to 509
[2023-11-26T04:40:11.104+0000] {logging_mixin.py:154} INFO - Changing /opt/***/logs/dag_id=outcomes_dag/run_id=scheduled__2023-11-25T00:00:00+00:00/task_id=extract permission to 509
[2023-11-26T04:40:11.142+0000] {taskinstance.py:1159} INFO - Dependencies all met for dep_context=non-requeueable deps ti=<TaskInstance: outcomes_dag.extract scheduled__2023-11-25T00:00:00+00:00 [queued]>
[2023-11-26T04:40:11.155+0000] {taskinstance.py:1159} INFO - Dependencies all met for dep_context=requeueable deps ti=<TaskInstance: outcomes_dag.extract scheduled__2023-11-25T00:00:00+00:00 [queued]>
[2023-11-26T04:40:11.156+0000] {taskinstance.py:1361} INFO - Starting attempt 1 of 1
[2023-11-26T04:40:11.173+0000] {taskinstance.py:1382} INFO - Executing <Task(BashOperator): extract> on 2023-11-25 00:00:00+00:00
[2023-11-26T04:40:11.177+0000] {standard_task_runner.py:57} INFO - Started process 60 to run task
[2023-11-26T04:40:11.182+0000] {standard_task_runner.py:84} INFO - Running: ['***', 'tasks', 'run', 'outcomes_dag', 'extract', 'scheduled__2023-11-25T00:00:00+00:00', '--job-id', '61', '--raw', '--subdir', 'DAGS_FOLDER/outcomes_dag.py', '--cfg-path', '/tmp/tmp4tmthwbt']
[2023-11-26T04:40:11.184+0000] {standard_task_runner.py:85} INFO - Job 61: Subtask extract
[2023-11-26T04:40:11.248+0000] {logging_mixin.py:154} INFO - Changing /opt/***/logs/dag_id=outcomes_dag/run_id=scheduled__2023-11-25T00:00:00+00:00/task_id=extract permission to 509
[2023-11-26T04:40:11.250+0000] {task_command.py:416} INFO - Running <TaskInstance: outcomes_dag.extract scheduled__2023-11-25T00:00:00+00:00 [running]> on host 50f4a498a395
[2023-11-26T04:40:11.341+0000] {taskinstance.py:1662} INFO - Exporting env vars: AIRFLOW_CTX_DAG_OWNER='***' AIRFLOW_CTX_DAG_ID='outcomes_dag' AIRFLOW_CTX_TASK_ID='extract' AIRFLOW_CTX_EXECUTION_DATE='2023-11-25T00:00:00+00:00' AIRFLOW_CTX_TRY_NUMBER='1' AIRFLOW_CTX_DAG_RUN_ID='scheduled__2023-11-25T00:00:00+00:00'
[2023-11-26T04:40:11.343+0000] {subprocess.py:63} INFO - Tmp dir root location: /tmp
[2023-11-26T04:40:11.345+0000] {subprocess.py:75} INFO - Running command: ['/bin/bash', '-c', 'curl --create-dirs -o /opt/***/data/2023-11-25/downloads/outcomes_2023-11-25.csv https://data.austintexas.gov/resource/9t4d-g238.csv']
[2023-11-26T04:40:11.354+0000] {subprocess.py:86} INFO - Output:
[2023-11-26T04:40:11.363+0000] {subprocess.py:93} INFO -   % Total    % Received % Xferd  Average Speed   Time    Time     Time  Current
[2023-11-26T04:40:11.364+0000] {subprocess.py:93} INFO -                                  Dload  Upload   Total   Spent    Left  Speed
[2023-11-26T04:40:12.052+0000] {subprocess.py:93} INFO -   0     0    0     0    0     0      0      0 --:--:-- --:--:-- --:--:--     0100  174k    0  174k    0     0   254k      0 --:--:-- --:--:-- --:--:--  254k
[2023-11-26T04:40:12.054+0000] {subprocess.py:97} INFO - Command exited with return code 0
[2023-11-26T04:40:12.085+0000] {taskinstance.py:1400} INFO - Marking task as SUCCESS. dag_id=outcomes_dag, task_id=extract, execution_date=20231125T000000, start_date=20231126T044011, end_date=20231126T044012
[2023-11-26T04:40:12.117+0000] {local_task_job_runner.py:228} INFO - Task exited with return code 0
[2023-11-26T04:40:12.142+0000] {taskinstance.py:2778} INFO - 1 downstream tasks scheduled from follow-on schedule check
